<?xml version="1.0" encoding="UTF-8"?>
<testsuite xmlns:xsi="http://www.w3.org/2001/XMLSchema-instance" xsi:noNamespaceSchemaLocation="https://maven.apache.org/surefire/maven-surefire-plugin/xsd/surefire-test-report.xsd" name="com.escustom.elasticsearch_lib.ElasticsearchLibApplicationTests" time="0.252" tests="1" errors="1" skipped="0" failures="0">
  <properties>
    <property name="java.specification.version" value="22"/>
    <property name="sun.cpu.isalist" value="amd64"/>
    <property name="sun.jnu.encoding" value="Cp1252"/>
    <property name="java.class.path" value="C:\Users\Rishabh gupta\OneDrive\Documents\Desktop\elasticsearch-lib\target\test-classes;C:\Users\Rishabh gupta\OneDrive\Documents\Desktop\elasticsearch-lib\target\classes;C:\Users\Rishabh gupta\.m2\repository\org\springframework\boot\spring-boot-starter-web\2.5.5\spring-boot-starter-web-2.5.5.jar;C:\Users\Rishabh gupta\.m2\repository\org\springframework\boot\spring-boot-starter\2.5.5\spring-boot-starter-2.5.5.jar;C:\Users\Rishabh gupta\.m2\repository\org\springframework\boot\spring-boot\2.5.5\spring-boot-2.5.5.jar;C:\Users\Rishabh gupta\.m2\repository\org\springframework\boot\spring-boot-autoconfigure\2.5.5\spring-boot-autoconfigure-2.5.5.jar;C:\Users\Rishabh gupta\.m2\repository\org\springframework\boot\spring-boot-starter-logging\2.5.5\spring-boot-starter-logging-2.5.5.jar;C:\Users\Rishabh gupta\.m2\repository\ch\qos\logback\logback-classic\1.2.6\logback-classic-1.2.6.jar;C:\Users\Rishabh gupta\.m2\repository\ch\qos\logback\logback-core\1.2.6\logback-core-1.2.6.jar;C:\Users\Rishabh gupta\.m2\repository\org\apache\logging\log4j\log4j-to-slf4j\2.14.1\log4j-to-slf4j-2.14.1.jar;C:\Users\Rishabh gupta\.m2\repository\org\slf4j\jul-to-slf4j\1.7.32\jul-to-slf4j-1.7.32.jar;C:\Users\Rishabh gupta\.m2\repository\jakarta\annotation\jakarta.annotation-api\1.3.5\jakarta.annotation-api-1.3.5.jar;C:\Users\Rishabh gupta\.m2\repository\org\yaml\snakeyaml\1.28\snakeyaml-1.28.jar;C:\Users\Rishabh gupta\.m2\repository\org\springframework\boot\spring-boot-starter-json\2.5.5\spring-boot-starter-json-2.5.5.jar;C:\Users\Rishabh gupta\.m2\repository\com\fasterxml\jackson\core\jackson-databind\2.12.5\jackson-databind-2.12.5.jar;C:\Users\Rishabh gupta\.m2\repository\com\fasterxml\jackson\core\jackson-annotations\2.12.5\jackson-annotations-2.12.5.jar;C:\Users\Rishabh gupta\.m2\repository\com\fasterxml\jackson\core\jackson-core\2.12.5\jackson-core-2.12.5.jar;C:\Users\Rishabh gupta\.m2\repository\com\fasterxml\jackson\datatype\jackson-datatype-jdk8\2.12.5\jackson-datatype-jdk8-2.12.5.jar;C:\Users\Rishabh gupta\.m2\repository\com\fasterxml\jackson\datatype\jackson-datatype-jsr310\2.12.5\jackson-datatype-jsr310-2.12.5.jar;C:\Users\Rishabh gupta\.m2\repository\com\fasterxml\jackson\module\jackson-module-parameter-names\2.12.5\jackson-module-parameter-names-2.12.5.jar;C:\Users\Rishabh gupta\.m2\repository\org\springframework\boot\spring-boot-starter-tomcat\2.5.5\spring-boot-starter-tomcat-2.5.5.jar;C:\Users\Rishabh gupta\.m2\repository\org\apache\tomcat\embed\tomcat-embed-core\9.0.53\tomcat-embed-core-9.0.53.jar;C:\Users\Rishabh gupta\.m2\repository\org\apache\tomcat\embed\tomcat-embed-el\9.0.53\tomcat-embed-el-9.0.53.jar;C:\Users\Rishabh gupta\.m2\repository\org\apache\tomcat\embed\tomcat-embed-websocket\9.0.53\tomcat-embed-websocket-9.0.53.jar;C:\Users\Rishabh gupta\.m2\repository\org\springframework\spring-web\5.3.10\spring-web-5.3.10.jar;C:\Users\Rishabh gupta\.m2\repository\org\springframework\spring-beans\5.3.10\spring-beans-5.3.10.jar;C:\Users\Rishabh gupta\.m2\repository\org\springframework\spring-webmvc\5.3.10\spring-webmvc-5.3.10.jar;C:\Users\Rishabh gupta\.m2\repository\org\springframework\spring-aop\5.3.10\spring-aop-5.3.10.jar;C:\Users\Rishabh gupta\.m2\repository\org\springframework\spring-context\5.3.10\spring-context-5.3.10.jar;C:\Users\Rishabh gupta\.m2\repository\org\springframework\spring-expression\5.3.10\spring-expression-5.3.10.jar;C:\Users\Rishabh gupta\.m2\repository\org\elasticsearch\client\elasticsearch-rest-high-level-client\7.12.1\elasticsearch-rest-high-level-client-7.12.1.jar;C:\Users\Rishabh gupta\.m2\repository\org\elasticsearch\elasticsearch\7.12.1\elasticsearch-7.12.1.jar;C:\Users\Rishabh gupta\.m2\repository\org\elasticsearch\elasticsearch-core\7.12.1\elasticsearch-core-7.12.1.jar;C:\Users\Rishabh gupta\.m2\repository\org\elasticsearch\elasticsearch-secure-sm\7.12.1\elasticsearch-secure-sm-7.12.1.jar;C:\Users\Rishabh gupta\.m2\repository\org\elasticsearch\elasticsearch-x-content\7.12.1\elasticsearch-x-content-7.12.1.jar;C:\Users\Rishabh gupta\.m2\repository\com\fasterxml\jackson\dataformat\jackson-dataformat-smile\2.12.5\jackson-dataformat-smile-2.12.5.jar;C:\Users\Rishabh gupta\.m2\repository\com\fasterxml\jackson\dataformat\jackson-dataformat-yaml\2.12.5\jackson-dataformat-yaml-2.12.5.jar;C:\Users\Rishabh gupta\.m2\repository\com\fasterxml\jackson\dataformat\jackson-dataformat-cbor\2.12.5\jackson-dataformat-cbor-2.12.5.jar;C:\Users\Rishabh gupta\.m2\repository\org\elasticsearch\elasticsearch-geo\7.12.1\elasticsearch-geo-7.12.1.jar;C:\Users\Rishabh gupta\.m2\repository\org\apache\lucene\lucene-core\8.8.0\lucene-core-8.8.0.jar;C:\Users\Rishabh gupta\.m2\repository\org\apache\lucene\lucene-analyzers-common\8.8.0\lucene-analyzers-common-8.8.0.jar;C:\Users\Rishabh gupta\.m2\repository\org\apache\lucene\lucene-backward-codecs\8.8.0\lucene-backward-codecs-8.8.0.jar;C:\Users\Rishabh gupta\.m2\repository\org\apache\lucene\lucene-grouping\8.8.0\lucene-grouping-8.8.0.jar;C:\Users\Rishabh gupta\.m2\repository\org\apache\lucene\lucene-highlighter\8.8.0\lucene-highlighter-8.8.0.jar;C:\Users\Rishabh gupta\.m2\repository\org\apache\lucene\lucene-join\8.8.0\lucene-join-8.8.0.jar;C:\Users\Rishabh gupta\.m2\repository\org\apache\lucene\lucene-memory\8.8.0\lucene-memory-8.8.0.jar;C:\Users\Rishabh gupta\.m2\repository\org\apache\lucene\lucene-misc\8.8.0\lucene-misc-8.8.0.jar;C:\Users\Rishabh gupta\.m2\repository\org\apache\lucene\lucene-queries\8.8.0\lucene-queries-8.8.0.jar;C:\Users\Rishabh gupta\.m2\repository\org\apache\lucene\lucene-queryparser\8.8.0\lucene-queryparser-8.8.0.jar;C:\Users\Rishabh gupta\.m2\repository\org\apache\lucene\lucene-sandbox\8.8.0\lucene-sandbox-8.8.0.jar;C:\Users\Rishabh gupta\.m2\repository\org\apache\lucene\lucene-spatial-extras\8.8.0\lucene-spatial-extras-8.8.0.jar;C:\Users\Rishabh gupta\.m2\repository\org\apache\lucene\lucene-spatial3d\8.8.0\lucene-spatial3d-8.8.0.jar;C:\Users\Rishabh gupta\.m2\repository\org\apache\lucene\lucene-suggest\8.8.0\lucene-suggest-8.8.0.jar;C:\Users\Rishabh gupta\.m2\repository\org\elasticsearch\elasticsearch-cli\7.12.1\elasticsearch-cli-7.12.1.jar;C:\Users\Rishabh gupta\.m2\repository\net\sf\jopt-simple\jopt-simple\5.0.2\jopt-simple-5.0.2.jar;C:\Users\Rishabh gupta\.m2\repository\com\carrotsearch\hppc\0.8.1\hppc-0.8.1.jar;C:\Users\Rishabh gupta\.m2\repository\joda-time\joda-time\2.10.4\joda-time-2.10.4.jar;C:\Users\Rishabh gupta\.m2\repository\com\tdunning\t-digest\3.2\t-digest-3.2.jar;C:\Users\Rishabh gupta\.m2\repository\org\hdrhistogram\HdrHistogram\2.1.9\HdrHistogram-2.1.9.jar;C:\Users\Rishabh gupta\.m2\repository\org\apache\logging\log4j\log4j-api\2.14.1\log4j-api-2.14.1.jar;C:\Users\Rishabh gupta\.m2\repository\org\elasticsearch\jna\5.7.0-1\jna-5.7.0-1.jar;C:\Users\Rishabh gupta\.m2\repository\org\elasticsearch\elasticsearch-plugin-classloader\7.12.1\elasticsearch-plugin-classloader-7.12.1.jar;C:\Users\Rishabh gupta\.m2\repository\org\elasticsearch\client\elasticsearch-rest-client\7.12.1\elasticsearch-rest-client-7.12.1.jar;C:\Users\Rishabh gupta\.m2\repository\org\apache\httpcomponents\httpclient\4.5.13\httpclient-4.5.13.jar;C:\Users\Rishabh gupta\.m2\repository\org\apache\httpcomponents\httpcore\4.4.14\httpcore-4.4.14.jar;C:\Users\Rishabh gupta\.m2\repository\org\apache\httpcomponents\httpasyncclient\4.1.4\httpasyncclient-4.1.4.jar;C:\Users\Rishabh gupta\.m2\repository\org\apache\httpcomponents\httpcore-nio\4.4.14\httpcore-nio-4.4.14.jar;C:\Users\Rishabh gupta\.m2\repository\commons-codec\commons-codec\1.15\commons-codec-1.15.jar;C:\Users\Rishabh gupta\.m2\repository\org\elasticsearch\plugin\mapper-extras-client\7.12.1\mapper-extras-client-7.12.1.jar;C:\Users\Rishabh gupta\.m2\repository\org\elasticsearch\plugin\parent-join-client\7.12.1\parent-join-client-7.12.1.jar;C:\Users\Rishabh gupta\.m2\repository\org\elasticsearch\plugin\aggs-matrix-stats-client\7.12.1\aggs-matrix-stats-client-7.12.1.jar;C:\Users\Rishabh gupta\.m2\repository\org\elasticsearch\plugin\rank-eval-client\7.12.1\rank-eval-client-7.12.1.jar;C:\Users\Rishabh gupta\.m2\repository\org\elasticsearch\plugin\lang-mustache-client\7.12.1\lang-mustache-client-7.12.1.jar;C:\Users\Rishabh gupta\.m2\repository\com\github\spullara\mustache\java\compiler\0.9.6\compiler-0.9.6.jar;C:\Users\Rishabh gupta\.m2\repository\org\springframework\boot\spring-boot-starter-test\2.5.5\spring-boot-starter-test-2.5.5.jar;C:\Users\Rishabh gupta\.m2\repository\org\springframework\boot\spring-boot-test\2.5.5\spring-boot-test-2.5.5.jar;C:\Users\Rishabh gupta\.m2\repository\org\springframework\boot\spring-boot-test-autoconfigure\2.5.5\spring-boot-test-autoconfigure-2.5.5.jar;C:\Users\Rishabh gupta\.m2\repository\com\jayway\jsonpath\json-path\2.5.0\json-path-2.5.0.jar;C:\Users\Rishabh gupta\.m2\repository\net\minidev\json-smart\2.4.7\json-smart-2.4.7.jar;C:\Users\Rishabh gupta\.m2\repository\net\minidev\accessors-smart\2.4.7\accessors-smart-2.4.7.jar;C:\Users\Rishabh gupta\.m2\repository\org\ow2\asm\asm\9.1\asm-9.1.jar;C:\Users\Rishabh gupta\.m2\repository\org\slf4j\slf4j-api\1.7.32\slf4j-api-1.7.32.jar;C:\Users\Rishabh gupta\.m2\repository\jakarta\xml\bind\jakarta.xml.bind-api\2.3.3\jakarta.xml.bind-api-2.3.3.jar;C:\Users\Rishabh gupta\.m2\repository\jakarta\activation\jakarta.activation-api\1.2.2\jakarta.activation-api-1.2.2.jar;C:\Users\Rishabh gupta\.m2\repository\org\assertj\assertj-core\3.19.0\assertj-core-3.19.0.jar;C:\Users\Rishabh gupta\.m2\repository\org\hamcrest\hamcrest\2.2\hamcrest-2.2.jar;C:\Users\Rishabh gupta\.m2\repository\org\junit\jupiter\junit-jupiter\5.7.2\junit-jupiter-5.7.2.jar;C:\Users\Rishabh gupta\.m2\repository\org\junit\jupiter\junit-jupiter-api\5.7.2\junit-jupiter-api-5.7.2.jar;C:\Users\Rishabh gupta\.m2\repository\org\apiguardian\apiguardian-api\1.1.0\apiguardian-api-1.1.0.jar;C:\Users\Rishabh gupta\.m2\repository\org\opentest4j\opentest4j\1.2.0\opentest4j-1.2.0.jar;C:\Users\Rishabh gupta\.m2\repository\org\junit\platform\junit-platform-commons\1.7.2\junit-platform-commons-1.7.2.jar;C:\Users\Rishabh gupta\.m2\repository\org\junit\jupiter\junit-jupiter-params\5.7.2\junit-jupiter-params-5.7.2.jar;C:\Users\Rishabh gupta\.m2\repository\org\junit\jupiter\junit-jupiter-engine\5.7.2\junit-jupiter-engine-5.7.2.jar;C:\Users\Rishabh gupta\.m2\repository\org\junit\platform\junit-platform-engine\1.7.2\junit-platform-engine-1.7.2.jar;C:\Users\Rishabh gupta\.m2\repository\org\mockito\mockito-core\3.9.0\mockito-core-3.9.0.jar;C:\Users\Rishabh gupta\.m2\repository\net\bytebuddy\byte-buddy\1.10.22\byte-buddy-1.10.22.jar;C:\Users\Rishabh gupta\.m2\repository\net\bytebuddy\byte-buddy-agent\1.10.22\byte-buddy-agent-1.10.22.jar;C:\Users\Rishabh gupta\.m2\repository\org\objenesis\objenesis\3.2\objenesis-3.2.jar;C:\Users\Rishabh gupta\.m2\repository\org\mockito\mockito-junit-jupiter\3.9.0\mockito-junit-jupiter-3.9.0.jar;C:\Users\Rishabh gupta\.m2\repository\org\skyscreamer\jsonassert\1.5.0\jsonassert-1.5.0.jar;C:\Users\Rishabh gupta\.m2\repository\com\vaadin\external\google\android-json\0.0.20131108.vaadin1\android-json-0.0.20131108.vaadin1.jar;C:\Users\Rishabh gupta\.m2\repository\org\springframework\spring-core\5.3.10\spring-core-5.3.10.jar;C:\Users\Rishabh gupta\.m2\repository\org\springframework\spring-jcl\5.3.10\spring-jcl-5.3.10.jar;C:\Users\Rishabh gupta\.m2\repository\org\springframework\spring-test\5.3.10\spring-test-5.3.10.jar;C:\Users\Rishabh gupta\.m2\repository\org\xmlunit\xmlunit-core\2.8.2\xmlunit-core-2.8.2.jar;"/>
    <property name="java.vm.vendor" value="Oracle Corporation"/>
    <property name="sun.arch.data.model" value="64"/>
    <property name="user.variant" value=""/>
    <property name="java.vendor.url" value="https://java.oracle.com/"/>
    <property name="user.timezone" value="Asia/Calcutta"/>
    <property name="os.name" value="Windows 11"/>
    <property name="java.vm.specification.version" value="22"/>
    <property name="sun.java.launcher" value="SUN_STANDARD"/>
    <property name="user.country" value="IN"/>
    <property name="sun.boot.library.path" value="C:\Program Files\Java\jdk-22\bin"/>
    <property name="sun.java.command" value="C:\Users\RISHAB~1\AppData\Local\Temp\surefire2062521143172095396\surefirebooter3836754018040852735.jar C:\Users\Rishabh gupta\AppData\Local\Temp\surefire2062521143172095396 2024-07-24T00-07-13_712-jvmRun1 surefire5432481106526378328tmp surefire_010809329032196530548tmp"/>
    <property name="jdk.debug" value="release"/>
    <property name="surefire.test.class.path" value="C:\Users\Rishabh gupta\OneDrive\Documents\Desktop\elasticsearch-lib\target\test-classes;C:\Users\Rishabh gupta\OneDrive\Documents\Desktop\elasticsearch-lib\target\classes;C:\Users\Rishabh gupta\.m2\repository\org\springframework\boot\spring-boot-starter-web\2.5.5\spring-boot-starter-web-2.5.5.jar;C:\Users\Rishabh gupta\.m2\repository\org\springframework\boot\spring-boot-starter\2.5.5\spring-boot-starter-2.5.5.jar;C:\Users\Rishabh gupta\.m2\repository\org\springframework\boot\spring-boot\2.5.5\spring-boot-2.5.5.jar;C:\Users\Rishabh gupta\.m2\repository\org\springframework\boot\spring-boot-autoconfigure\2.5.5\spring-boot-autoconfigure-2.5.5.jar;C:\Users\Rishabh gupta\.m2\repository\org\springframework\boot\spring-boot-starter-logging\2.5.5\spring-boot-starter-logging-2.5.5.jar;C:\Users\Rishabh gupta\.m2\repository\ch\qos\logback\logback-classic\1.2.6\logback-classic-1.2.6.jar;C:\Users\Rishabh gupta\.m2\repository\ch\qos\logback\logback-core\1.2.6\logback-core-1.2.6.jar;C:\Users\Rishabh gupta\.m2\repository\org\apache\logging\log4j\log4j-to-slf4j\2.14.1\log4j-to-slf4j-2.14.1.jar;C:\Users\Rishabh gupta\.m2\repository\org\slf4j\jul-to-slf4j\1.7.32\jul-to-slf4j-1.7.32.jar;C:\Users\Rishabh gupta\.m2\repository\jakarta\annotation\jakarta.annotation-api\1.3.5\jakarta.annotation-api-1.3.5.jar;C:\Users\Rishabh gupta\.m2\repository\org\yaml\snakeyaml\1.28\snakeyaml-1.28.jar;C:\Users\Rishabh gupta\.m2\repository\org\springframework\boot\spring-boot-starter-json\2.5.5\spring-boot-starter-json-2.5.5.jar;C:\Users\Rishabh gupta\.m2\repository\com\fasterxml\jackson\core\jackson-databind\2.12.5\jackson-databind-2.12.5.jar;C:\Users\Rishabh gupta\.m2\repository\com\fasterxml\jackson\core\jackson-annotations\2.12.5\jackson-annotations-2.12.5.jar;C:\Users\Rishabh gupta\.m2\repository\com\fasterxml\jackson\core\jackson-core\2.12.5\jackson-core-2.12.5.jar;C:\Users\Rishabh gupta\.m2\repository\com\fasterxml\jackson\datatype\jackson-datatype-jdk8\2.12.5\jackson-datatype-jdk8-2.12.5.jar;C:\Users\Rishabh gupta\.m2\repository\com\fasterxml\jackson\datatype\jackson-datatype-jsr310\2.12.5\jackson-datatype-jsr310-2.12.5.jar;C:\Users\Rishabh gupta\.m2\repository\com\fasterxml\jackson\module\jackson-module-parameter-names\2.12.5\jackson-module-parameter-names-2.12.5.jar;C:\Users\Rishabh gupta\.m2\repository\org\springframework\boot\spring-boot-starter-tomcat\2.5.5\spring-boot-starter-tomcat-2.5.5.jar;C:\Users\Rishabh gupta\.m2\repository\org\apache\tomcat\embed\tomcat-embed-core\9.0.53\tomcat-embed-core-9.0.53.jar;C:\Users\Rishabh gupta\.m2\repository\org\apache\tomcat\embed\tomcat-embed-el\9.0.53\tomcat-embed-el-9.0.53.jar;C:\Users\Rishabh gupta\.m2\repository\org\apache\tomcat\embed\tomcat-embed-websocket\9.0.53\tomcat-embed-websocket-9.0.53.jar;C:\Users\Rishabh gupta\.m2\repository\org\springframework\spring-web\5.3.10\spring-web-5.3.10.jar;C:\Users\Rishabh gupta\.m2\repository\org\springframework\spring-beans\5.3.10\spring-beans-5.3.10.jar;C:\Users\Rishabh gupta\.m2\repository\org\springframework\spring-webmvc\5.3.10\spring-webmvc-5.3.10.jar;C:\Users\Rishabh gupta\.m2\repository\org\springframework\spring-aop\5.3.10\spring-aop-5.3.10.jar;C:\Users\Rishabh gupta\.m2\repository\org\springframework\spring-context\5.3.10\spring-context-5.3.10.jar;C:\Users\Rishabh gupta\.m2\repository\org\springframework\spring-expression\5.3.10\spring-expression-5.3.10.jar;C:\Users\Rishabh gupta\.m2\repository\org\elasticsearch\client\elasticsearch-rest-high-level-client\7.12.1\elasticsearch-rest-high-level-client-7.12.1.jar;C:\Users\Rishabh gupta\.m2\repository\org\elasticsearch\elasticsearch\7.12.1\elasticsearch-7.12.1.jar;C:\Users\Rishabh gupta\.m2\repository\org\elasticsearch\elasticsearch-core\7.12.1\elasticsearch-core-7.12.1.jar;C:\Users\Rishabh gupta\.m2\repository\org\elasticsearch\elasticsearch-secure-sm\7.12.1\elasticsearch-secure-sm-7.12.1.jar;C:\Users\Rishabh gupta\.m2\repository\org\elasticsearch\elasticsearch-x-content\7.12.1\elasticsearch-x-content-7.12.1.jar;C:\Users\Rishabh gupta\.m2\repository\com\fasterxml\jackson\dataformat\jackson-dataformat-smile\2.12.5\jackson-dataformat-smile-2.12.5.jar;C:\Users\Rishabh gupta\.m2\repository\com\fasterxml\jackson\dataformat\jackson-dataformat-yaml\2.12.5\jackson-dataformat-yaml-2.12.5.jar;C:\Users\Rishabh gupta\.m2\repository\com\fasterxml\jackson\dataformat\jackson-dataformat-cbor\2.12.5\jackson-dataformat-cbor-2.12.5.jar;C:\Users\Rishabh gupta\.m2\repository\org\elasticsearch\elasticsearch-geo\7.12.1\elasticsearch-geo-7.12.1.jar;C:\Users\Rishabh gupta\.m2\repository\org\apache\lucene\lucene-core\8.8.0\lucene-core-8.8.0.jar;C:\Users\Rishabh gupta\.m2\repository\org\apache\lucene\lucene-analyzers-common\8.8.0\lucene-analyzers-common-8.8.0.jar;C:\Users\Rishabh gupta\.m2\repository\org\apache\lucene\lucene-backward-codecs\8.8.0\lucene-backward-codecs-8.8.0.jar;C:\Users\Rishabh gupta\.m2\repository\org\apache\lucene\lucene-grouping\8.8.0\lucene-grouping-8.8.0.jar;C:\Users\Rishabh gupta\.m2\repository\org\apache\lucene\lucene-highlighter\8.8.0\lucene-highlighter-8.8.0.jar;C:\Users\Rishabh gupta\.m2\repository\org\apache\lucene\lucene-join\8.8.0\lucene-join-8.8.0.jar;C:\Users\Rishabh gupta\.m2\repository\org\apache\lucene\lucene-memory\8.8.0\lucene-memory-8.8.0.jar;C:\Users\Rishabh gupta\.m2\repository\org\apache\lucene\lucene-misc\8.8.0\lucene-misc-8.8.0.jar;C:\Users\Rishabh gupta\.m2\repository\org\apache\lucene\lucene-queries\8.8.0\lucene-queries-8.8.0.jar;C:\Users\Rishabh gupta\.m2\repository\org\apache\lucene\lucene-queryparser\8.8.0\lucene-queryparser-8.8.0.jar;C:\Users\Rishabh gupta\.m2\repository\org\apache\lucene\lucene-sandbox\8.8.0\lucene-sandbox-8.8.0.jar;C:\Users\Rishabh gupta\.m2\repository\org\apache\lucene\lucene-spatial-extras\8.8.0\lucene-spatial-extras-8.8.0.jar;C:\Users\Rishabh gupta\.m2\repository\org\apache\lucene\lucene-spatial3d\8.8.0\lucene-spatial3d-8.8.0.jar;C:\Users\Rishabh gupta\.m2\repository\org\apache\lucene\lucene-suggest\8.8.0\lucene-suggest-8.8.0.jar;C:\Users\Rishabh gupta\.m2\repository\org\elasticsearch\elasticsearch-cli\7.12.1\elasticsearch-cli-7.12.1.jar;C:\Users\Rishabh gupta\.m2\repository\net\sf\jopt-simple\jopt-simple\5.0.2\jopt-simple-5.0.2.jar;C:\Users\Rishabh gupta\.m2\repository\com\carrotsearch\hppc\0.8.1\hppc-0.8.1.jar;C:\Users\Rishabh gupta\.m2\repository\joda-time\joda-time\2.10.4\joda-time-2.10.4.jar;C:\Users\Rishabh gupta\.m2\repository\com\tdunning\t-digest\3.2\t-digest-3.2.jar;C:\Users\Rishabh gupta\.m2\repository\org\hdrhistogram\HdrHistogram\2.1.9\HdrHistogram-2.1.9.jar;C:\Users\Rishabh gupta\.m2\repository\org\apache\logging\log4j\log4j-api\2.14.1\log4j-api-2.14.1.jar;C:\Users\Rishabh gupta\.m2\repository\org\elasticsearch\jna\5.7.0-1\jna-5.7.0-1.jar;C:\Users\Rishabh gupta\.m2\repository\org\elasticsearch\elasticsearch-plugin-classloader\7.12.1\elasticsearch-plugin-classloader-7.12.1.jar;C:\Users\Rishabh gupta\.m2\repository\org\elasticsearch\client\elasticsearch-rest-client\7.12.1\elasticsearch-rest-client-7.12.1.jar;C:\Users\Rishabh gupta\.m2\repository\org\apache\httpcomponents\httpclient\4.5.13\httpclient-4.5.13.jar;C:\Users\Rishabh gupta\.m2\repository\org\apache\httpcomponents\httpcore\4.4.14\httpcore-4.4.14.jar;C:\Users\Rishabh gupta\.m2\repository\org\apache\httpcomponents\httpasyncclient\4.1.4\httpasyncclient-4.1.4.jar;C:\Users\Rishabh gupta\.m2\repository\org\apache\httpcomponents\httpcore-nio\4.4.14\httpcore-nio-4.4.14.jar;C:\Users\Rishabh gupta\.m2\repository\commons-codec\commons-codec\1.15\commons-codec-1.15.jar;C:\Users\Rishabh gupta\.m2\repository\org\elasticsearch\plugin\mapper-extras-client\7.12.1\mapper-extras-client-7.12.1.jar;C:\Users\Rishabh gupta\.m2\repository\org\elasticsearch\plugin\parent-join-client\7.12.1\parent-join-client-7.12.1.jar;C:\Users\Rishabh gupta\.m2\repository\org\elasticsearch\plugin\aggs-matrix-stats-client\7.12.1\aggs-matrix-stats-client-7.12.1.jar;C:\Users\Rishabh gupta\.m2\repository\org\elasticsearch\plugin\rank-eval-client\7.12.1\rank-eval-client-7.12.1.jar;C:\Users\Rishabh gupta\.m2\repository\org\elasticsearch\plugin\lang-mustache-client\7.12.1\lang-mustache-client-7.12.1.jar;C:\Users\Rishabh gupta\.m2\repository\com\github\spullara\mustache\java\compiler\0.9.6\compiler-0.9.6.jar;C:\Users\Rishabh gupta\.m2\repository\org\springframework\boot\spring-boot-starter-test\2.5.5\spring-boot-starter-test-2.5.5.jar;C:\Users\Rishabh gupta\.m2\repository\org\springframework\boot\spring-boot-test\2.5.5\spring-boot-test-2.5.5.jar;C:\Users\Rishabh gupta\.m2\repository\org\springframework\boot\spring-boot-test-autoconfigure\2.5.5\spring-boot-test-autoconfigure-2.5.5.jar;C:\Users\Rishabh gupta\.m2\repository\com\jayway\jsonpath\json-path\2.5.0\json-path-2.5.0.jar;C:\Users\Rishabh gupta\.m2\repository\net\minidev\json-smart\2.4.7\json-smart-2.4.7.jar;C:\Users\Rishabh gupta\.m2\repository\net\minidev\accessors-smart\2.4.7\accessors-smart-2.4.7.jar;C:\Users\Rishabh gupta\.m2\repository\org\ow2\asm\asm\9.1\asm-9.1.jar;C:\Users\Rishabh gupta\.m2\repository\org\slf4j\slf4j-api\1.7.32\slf4j-api-1.7.32.jar;C:\Users\Rishabh gupta\.m2\repository\jakarta\xml\bind\jakarta.xml.bind-api\2.3.3\jakarta.xml.bind-api-2.3.3.jar;C:\Users\Rishabh gupta\.m2\repository\jakarta\activation\jakarta.activation-api\1.2.2\jakarta.activation-api-1.2.2.jar;C:\Users\Rishabh gupta\.m2\repository\org\assertj\assertj-core\3.19.0\assertj-core-3.19.0.jar;C:\Users\Rishabh gupta\.m2\repository\org\hamcrest\hamcrest\2.2\hamcrest-2.2.jar;C:\Users\Rishabh gupta\.m2\repository\org\junit\jupiter\junit-jupiter\5.7.2\junit-jupiter-5.7.2.jar;C:\Users\Rishabh gupta\.m2\repository\org\junit\jupiter\junit-jupiter-api\5.7.2\junit-jupiter-api-5.7.2.jar;C:\Users\Rishabh gupta\.m2\repository\org\apiguardian\apiguardian-api\1.1.0\apiguardian-api-1.1.0.jar;C:\Users\Rishabh gupta\.m2\repository\org\opentest4j\opentest4j\1.2.0\opentest4j-1.2.0.jar;C:\Users\Rishabh gupta\.m2\repository\org\junit\platform\junit-platform-commons\1.7.2\junit-platform-commons-1.7.2.jar;C:\Users\Rishabh gupta\.m2\repository\org\junit\jupiter\junit-jupiter-params\5.7.2\junit-jupiter-params-5.7.2.jar;C:\Users\Rishabh gupta\.m2\repository\org\junit\jupiter\junit-jupiter-engine\5.7.2\junit-jupiter-engine-5.7.2.jar;C:\Users\Rishabh gupta\.m2\repository\org\junit\platform\junit-platform-engine\1.7.2\junit-platform-engine-1.7.2.jar;C:\Users\Rishabh gupta\.m2\repository\org\mockito\mockito-core\3.9.0\mockito-core-3.9.0.jar;C:\Users\Rishabh gupta\.m2\repository\net\bytebuddy\byte-buddy\1.10.22\byte-buddy-1.10.22.jar;C:\Users\Rishabh gupta\.m2\repository\net\bytebuddy\byte-buddy-agent\1.10.22\byte-buddy-agent-1.10.22.jar;C:\Users\Rishabh gupta\.m2\repository\org\objenesis\objenesis\3.2\objenesis-3.2.jar;C:\Users\Rishabh gupta\.m2\repository\org\mockito\mockito-junit-jupiter\3.9.0\mockito-junit-jupiter-3.9.0.jar;C:\Users\Rishabh gupta\.m2\repository\org\skyscreamer\jsonassert\1.5.0\jsonassert-1.5.0.jar;C:\Users\Rishabh gupta\.m2\repository\com\vaadin\external\google\android-json\0.0.20131108.vaadin1\android-json-0.0.20131108.vaadin1.jar;C:\Users\Rishabh gupta\.m2\repository\org\springframework\spring-core\5.3.10\spring-core-5.3.10.jar;C:\Users\Rishabh gupta\.m2\repository\org\springframework\spring-jcl\5.3.10\spring-jcl-5.3.10.jar;C:\Users\Rishabh gupta\.m2\repository\org\springframework\spring-test\5.3.10\spring-test-5.3.10.jar;C:\Users\Rishabh gupta\.m2\repository\org\xmlunit\xmlunit-core\2.8.2\xmlunit-core-2.8.2.jar;"/>
    <property name="sun.cpu.endian" value="little"/>
    <property name="user.home" value="C:\Users\Rishabh gupta"/>
    <property name="user.language" value="en"/>
    <property name="java.specification.vendor" value="Oracle Corporation"/>
    <property name="java.version.date" value="2024-04-16"/>
    <property name="java.home" value="C:\Program Files\Java\jdk-22"/>
    <property name="file.separator" value="\"/>
    <property name="basedir" value="C:\Users\Rishabh gupta\OneDrive\Documents\Desktop\elasticsearch-lib"/>
    <property name="java.vm.compressedOopsMode" value="32-bit"/>
    <property name="line.separator" value="&#10;"/>
    <property name="java.vm.specification.vendor" value="Oracle Corporation"/>
    <property name="java.specification.name" value="Java Platform API Specification"/>
    <property name="surefire.real.class.path" value="C:\Users\RISHAB~1\AppData\Local\Temp\surefire2062521143172095396\surefirebooter3836754018040852735.jar"/>
    <property name="user.script" value=""/>
    <property name="sun.management.compiler" value="HotSpot 64-Bit Tiered Compilers"/>
    <property name="java.runtime.version" value="22.0.1+8-16"/>
    <property name="user.name" value="Nihal Gupta"/>
    <property name="stdout.encoding" value="Cp1252"/>
    <property name="path.separator" value=";"/>
    <property name="os.version" value="10.0"/>
    <property name="java.runtime.name" value="Java(TM) SE Runtime Environment"/>
    <property name="file.encoding" value="UTF-8"/>
    <property name="java.vm.name" value="Java HotSpot(TM) 64-Bit Server VM"/>
    <property name="localRepository" value="C:\Users\Rishabh gupta\.m2\repository"/>
    <property name="java.vendor.url.bug" value="https://bugreport.java.com/bugreport/"/>
    <property name="java.io.tmpdir" value="C:\Users\RISHAB~1\AppData\Local\Temp\"/>
    <property name="idea.version" value="2024.1.4"/>
    <property name="java.version" value="22.0.1"/>
    <property name="user.dir" value="C:\Users\Rishabh gupta\OneDrive\Documents\Desktop\elasticsearch-lib"/>
    <property name="os.arch" value="amd64"/>
    <property name="java.vm.specification.name" value="Java Virtual Machine Specification"/>
    <property name="sun.os.patch.level" value=""/>
    <property name="native.encoding" value="Cp1252"/>
    <property name="java.library.path" value="C:\Program Files\Java\jdk-22\bin;C:\WINDOWS\Sun\Java\bin;C:\WINDOWS\system32;C:\WINDOWS;C:\mingw64\bin;C:\Program Files\HP\HP One Agent;C:\Program Files\dotnet\;C:\Program Files\nodejs\;C:\Windows\System32;C:\mingw64\bin;C:\Program Files\Java\jdk-22\bin;C:\Users\Rishabh gupta\AppData\Local\Programs\Microsoft VS Code\bin;C:\Program Files\JetBrains\IntelliJ IDEA Community Edition 2024.1.4\bin;;C:\Program Files\nodejs\;C:\Windows\System32;;."/>
    <property name="java.vm.info" value="mixed mode, sharing"/>
    <property name="stderr.encoding" value="Cp1252"/>
    <property name="java.vendor" value="Oracle Corporation"/>
    <property name="java.vm.version" value="22.0.1+8-16"/>
    <property name="sun.io.unicode.encoding" value="UnicodeLittle"/>
    <property name="java.class.version" value="66.0"/>
  </properties>
  <testcase name="com.escustom.elasticsearch_lib.ElasticsearchLibApplicationTests" classname="com.escustom.elasticsearch_lib.ElasticsearchLibApplicationTests" time="0.251">
    <error message="Unable to find a @SpringBootConfiguration, you need to use @ContextConfiguration or @SpringBootTest(classes=...) with your test" type="java.lang.IllegalStateException">java.lang.IllegalStateException: Unable to find a @SpringBootConfiguration, you need to use @ContextConfiguration or @SpringBootTest(classes=...) with your test
</error>
    <system-out><![CDATA[00:07:16.603 [main] DEBUG org.springframework.test.context.BootstrapUtils - Instantiating CacheAwareContextLoaderDelegate from class [org.springframework.test.context.cache.DefaultCacheAwareContextLoaderDelegate]
00:07:16.630 [main] DEBUG org.springframework.test.context.BootstrapUtils - Instantiating BootstrapContext using constructor [public org.springframework.test.context.support.DefaultBootstrapContext(java.lang.Class,org.springframework.test.context.CacheAwareContextLoaderDelegate)]
00:07:16.668 [main] DEBUG org.springframework.test.context.BootstrapUtils - Instantiating TestContextBootstrapper for test class [com.escustom.elasticsearch_lib.ElasticsearchLibApplicationTests] from class [org.springframework.boot.test.context.SpringBootTestContextBootstrapper]
00:07:16.681 [main] INFO org.springframework.boot.test.context.SpringBootTestContextBootstrapper - Neither @ContextConfiguration nor @ContextHierarchy found for test class [com.escustom.elasticsearch_lib.ElasticsearchLibApplicationTests], using SpringBootContextLoader
00:07:16.684 [main] DEBUG org.springframework.test.context.support.AbstractContextLoader - Did not detect default resource location for test class [com.escustom.elasticsearch_lib.ElasticsearchLibApplicationTests]: class path resource [com/escustom/elasticsearch_lib/ElasticsearchLibApplicationTests-context.xml] does not exist
00:07:16.685 [main] DEBUG org.springframework.test.context.support.AbstractContextLoader - Did not detect default resource location for test class [com.escustom.elasticsearch_lib.ElasticsearchLibApplicationTests]: class path resource [com/escustom/elasticsearch_lib/ElasticsearchLibApplicationTestsContext.groovy] does not exist
00:07:16.685 [main] INFO org.springframework.test.context.support.AbstractContextLoader - Could not detect default resource locations for test class [com.escustom.elasticsearch_lib.ElasticsearchLibApplicationTests]: no resource found for suffixes {-context.xml, Context.groovy}.
00:07:16.685 [main] INFO org.springframework.test.context.support.AnnotationConfigContextLoaderUtils - Could not detect default configuration classes for test class [com.escustom.elasticsearch_lib.ElasticsearchLibApplicationTests]: ElasticsearchLibApplicationTests does not declare any static, non-private, non-final, nested classes annotated with @Configuration.
00:07:16.729 [main] DEBUG org.springframework.test.context.support.ActiveProfilesUtils - Could not find an 'annotation declaring class' for annotation type [org.springframework.test.context.ActiveProfiles] and class [com.escustom.elasticsearch_lib.ElasticsearchLibApplicationTests]
]]></system-out>
  </testcase>
</testsuite>